#
# There is insufficient memory for the Java Runtime Environment to continue.
# Native memory allocation (malloc) failed to allocate 1477888 bytes for Chunk::new
# Possible reasons:
#   The system is out of physical RAM or swap space
#   The process is running with CompressedOops enabled, and the Java Heap may be blocking the growth of the native heap
# Possible solutions:
#   Reduce memory load on the system
#   Increase physical memory or swap space
#   Check if swap backing store is full
#   Decrease Java heap size (-Xmx/-Xms)
#   Decrease number of Java threads
#   Decrease Java thread stack sizes (-Xss)
#   Set larger code cache with -XX:ReservedCodeCacheSize=
#   JVM is running with Zero Based Compressed Oops mode in which the Java heap is
#     placed in the first 32GB address space. The Java Heap base address is the
#     maximum limit for the native heap growth. Please use -XX:HeapBaseMinAddress
#     to set the Java Heap base and to place the Java Heap above 32GB virtual address.
# This output file may be truncated or incomplete.
#
#  Out of Memory Error (arena.cpp:168), pid=18824, tid=11108
#
# JRE version: Java(TM) SE Runtime Environment (21.0.1+12) (build 21.0.1+12-LTS-29)
# Java VM: Java HotSpot(TM) 64-Bit Server VM (21.0.1+12-LTS-29, mixed mode, sharing, tiered, compressed oops, compressed class ptrs, g1 gc, windows-amd64)
# No core dump will be written. Minidumps are not enabled by default on client versions of Windows
#

---------------  S U M M A R Y ------------

Command Line: -XX:+ShowCodeDetailsInExceptionMessages Cena.Renderer

Host: AMD Ryzen 5 3400G with Radeon Vega Graphics    , 8 cores, 15G,  Windows 10 , 64 bit Build 19041 (10.0.19041.3636)
Time: Wed Nov 29 01:36:47 2023 Hora oficial do Brasil elapsed time: 5.505422 seconds (0d 0h 0m 5s)

---------------  T H R E A D  ---------------

Current thread (0x00000263c5238880):  JavaThread "C2 CompilerThread0" daemon [_thread_in_native, id=11108, stack(0x0000006ae5a00000,0x0000006ae5b00000) (1024K)]


Current CompileTask:
C2:   5505 1999 %s    4       jogamp.opengl.util.jpeg.JPEGDecoder::parse @ 1112 (1806 bytes)

Stack: [0x0000006ae5a00000,0x0000006ae5b00000]
Native frames: (J=compiled Java code, j=interpreted, Vv=VM code, C=native code)
V  [jvm.dll+0x6c9029]
V  [jvm.dll+0x854b81]
V  [jvm.dll+0x856e5e]
V  [jvm.dll+0x857543]
V  [jvm.dll+0x280c06]
V  [jvm.dll+0xc3ead]
V  [jvm.dll+0xc43c3]
V  [jvm.dll+0x3b576c]
V  [jvm.dll+0x1e1ec3]
V  [jvm.dll+0x249c22]
V  [jvm.dll+0x2490b1]
V  [jvm.dll+0x1c9ca1]
V  [jvm.dll+0x2586b9]
V  [jvm.dll+0x256c9a]
V  [jvm.dll+0x3ef1b6]
V  [jvm.dll+0x7fd728]
V  [jvm.dll+0x6c777d]
C  [ucrtbase.dll+0x21bb2]
C  [KERNEL32.DLL+0x17344]
C  [ntdll.dll+0x526b1]


---------------  P R O C E S S  ---------------

Threads class SMR info:
_java_thread_list=0x000002641a353e10, length=16, elements={
0x00000263c521a1e0, 0x00000263c521ae40, 0x00000263c521eac0, 0x00000263c52218b0,
0x00000263c5222310, 0x00000263c5224d80, 0x00000263c5238880, 0x00000263c5239320,
0x00000263c54e32e0, 0x00000263c54e3970, 0x00000263c54e25c0, 0x00000263c54e2c50,
0x00000263c54e1f30, 0x00000264170d3220, 0x00000264170d1e70, 0x00000264170d38b0
}

Java Threads: ( => current thread )
  0x00000263c521a1e0 JavaThread "Reference Handler"          daemon [_thread_blocked, id=9924, stack(0x0000006ae5400000,0x0000006ae5500000) (1024K)]
  0x00000263c521ae40 JavaThread "Finalizer"                  daemon [_thread_blocked, id=16300, stack(0x0000006ae5500000,0x0000006ae5600000) (1024K)]
  0x00000263c521eac0 JavaThread "Signal Dispatcher"          daemon [_thread_blocked, id=16112, stack(0x0000006ae5600000,0x0000006ae5700000) (1024K)]
  0x00000263c52218b0 JavaThread "Attach Listener"            daemon [_thread_blocked, id=16488, stack(0x0000006ae5700000,0x0000006ae5800000) (1024K)]
  0x00000263c5222310 JavaThread "Service Thread"             daemon [_thread_blocked, id=15760, stack(0x0000006ae5800000,0x0000006ae5900000) (1024K)]
  0x00000263c5224d80 JavaThread "Monitor Deflation Thread"   daemon [_thread_blocked, id=18988, stack(0x0000006ae5900000,0x0000006ae5a00000) (1024K)]
=>0x00000263c5238880 JavaThread "C2 CompilerThread0"         daemon [_thread_in_native, id=11108, stack(0x0000006ae5a00000,0x0000006ae5b00000) (1024K)]
  0x00000263c5239320 JavaThread "C1 CompilerThread0"         daemon [_thread_blocked, id=16572, stack(0x0000006ae5b00000,0x0000006ae5c00000) (1024K)]
  0x00000263c54e32e0 JavaThread "Notification Thread"        daemon [_thread_blocked, id=15828, stack(0x0000006ae5c00000,0x0000006ae5d00000) (1024K)]
  0x00000263c54e3970 JavaThread "Common-Cleaner"             daemon [_thread_blocked, id=18828, stack(0x0000006ae5d00000,0x0000006ae5e00000) (1024K)]
  0x00000263c54e25c0 JavaThread "Java2D Disposer"            daemon [_thread_blocked, id=13092, stack(0x0000006ae5f00000,0x0000006ae6000000) (1024K)]
  0x00000263c54e2c50 JavaThread "AWT-Windows"                daemon [_thread_in_native, id=7360, stack(0x0000006ae6100000,0x0000006ae6200000) (1024K)]
  0x00000263c54e1f30 JavaThread "main-SharedResourceRunner"  daemon [_thread_blocked, id=6980, stack(0x0000006ae5e00000,0x0000006ae5f00000) (1024K)]
  0x00000264170d3220 JavaThread "main-Display-.windows_nil-1-EDT-1" daemon [_thread_blocked, id=16940, stack(0x0000006ae6000000,0x0000006ae6100000) (1024K)]
  0x00000264170d1e70 JavaThread "main-FPSAWTAnimator#00-Timer0"        [_thread_in_native, id=15948, stack(0x0000006ae6b00000,0x0000006ae6c00000) (1024K)]
  0x00000264170d38b0 JavaThread "DestroyJavaVM"                     [_thread_blocked, id=17032, stack(0x0000006ae4c00000,0x0000006ae4d00000) (1024K)]
Total: 16

Other Threads:
  0x00000263c51fac30 VMThread "VM Thread"                           [id=11300, stack(0x0000006ae5300000,0x0000006ae5400000) (1024K)]
  0x00000263c51e5a10 WatcherThread "VM Periodic Task Thread"        [id=10680, stack(0x0000006ae5200000,0x0000006ae5300000) (1024K)]
  0x00000263a41275c0 WorkerThread "GC Thread#0"                     [id=3736, stack(0x0000006ae4d00000,0x0000006ae4e00000) (1024K)]
  0x0000026417053010 WorkerThread "GC Thread#1"                     [id=17876, stack(0x0000006ae7100000,0x0000006ae7200000) (1024K)]
  0x00000264170533b0 WorkerThread "GC Thread#2"                     [id=18604, stack(0x0000006ae7200000,0x0000006ae7300000) (1024K)]
  0x0000026417058030 WorkerThread "GC Thread#3"                     [id=18636, stack(0x0000006ae7300000,0x0000006ae7400000) (1024K)]
  0x000002641705c3e0 WorkerThread "GC Thread#4"                     [id=3040, stack(0x0000006ae7400000,0x0000006ae7500000) (1024K)]
  0x000002641706c790 WorkerThread "GC Thread#5"                     [id=10380, stack(0x0000006ae7500000,0x0000006ae7600000) (1024K)]
  0x000002641707f7e0 WorkerThread "GC Thread#6"                     [id=5488, stack(0x0000006ae7600000,0x0000006ae7700000) (1024K)]
  0x000002641707fb80 WorkerThread "GC Thread#7"                     [id=15264, stack(0x0000006ae7700000,0x0000006ae7800000) (1024K)]
  0x00000263a4138ee0 ConcurrentGCThread "G1 Main Marker"            [id=8148, stack(0x0000006ae4e00000,0x0000006ae4f00000) (1024K)]
  0x00000263a413a180 WorkerThread "G1 Conc#0"                       [id=2588, stack(0x0000006ae4f00000,0x0000006ae5000000) (1024K)]
  0x00000263c50a4da0 ConcurrentGCThread "G1 Refine#0"               [id=12124, stack(0x0000006ae5000000,0x0000006ae5100000) (1024K)]
  0x00000263c50a6730 ConcurrentGCThread "G1 Service"                [id=2696, stack(0x0000006ae5100000,0x0000006ae5200000) (1024K)]
Total: 14

Threads with active compile tasks:
C2 CompilerThread0     5537 1999 %s    4       jogamp.opengl.util.jpeg.JPEGDecoder::parse @ 1112 (1806 bytes)
Total: 1

VM state: not at safepoint (normal execution)

VM Mutex/Monitor currently owned by a thread: None

Heap address: 0x0000000701000000, size: 4080 MB, Compressed Oops mode: Zero based, Oop shift amount: 3

CDS archive(s) mapped at: [0x00000263c6000000-0x00000263c6c90000-0x00000263c6c90000), size 13172736, SharedBaseAddress: 0x00000263c6000000, ArchiveRelocationMode: 1.
Compressed class space mapped at: 0x00000263c7000000-0x0000026407000000, reserved size: 1073741824
Narrow klass base: 0x00000263c6000000, Narrow klass shift: 0, Narrow klass range: 0x100000000

GC Precious Log:
 CardTable entry size: 512
 Card Set container configuration: InlinePtr #cards 4 size 8 Array Of Cards #cards 16 size 48 Howl #buckets 8 coarsen threshold 3686 Howl Bitmap #cards 512 size 80 coarsen threshold 460 Card regions per heap region 1 cards per card region 4096
 CPUs: 8 total, 8 available
 Memory: 16315M
 Large Page Support: Disabled
 NUMA Support: Disabled
 Compressed Oops: Enabled (Zero based)
 Heap Region Size: 2M
 Heap Min Capacity: 8M
 Heap Initial Capacity: 256M
 Heap Max Capacity: 4080M
 Pre-touch: Disabled
 Parallel Workers: 8
 Concurrent Workers: 2
 Concurrent Refinement Workers: 8
 Periodic GC: Disabled

Heap:
 garbage-first heap   total 262144K, used 46289K [0x0000000701000000, 0x0000000800000000)
  region size 2048K, 22 young (45056K), 1 survivors (2048K)
 Metaspace       used 12542K, committed 12800K, reserved 1114112K
  class space    used 950K, committed 1088K, reserved 1048576K

Heap Regions: E=young(eden), S=young(survivor), O=old, HS=humongous(starts), HC=humongous(continues), CS=collection set, F=free, TAMS=top-at-mark-start, PB=parsable bottom
|   0|0x0000000701000000, 0x0000000701200000, 0x0000000701200000|100%| O|  |TAMS 0x0000000701000000| PB 0x0000000701000000| Untracked 
|   1|0x0000000701200000, 0x00000007013344b0, 0x0000000701400000| 60%| O|  |TAMS 0x0000000701200000| PB 0x0000000701200000| Untracked 
|   2|0x0000000701400000, 0x0000000701400000, 0x0000000701600000|  0%| F|  |TAMS 0x0000000701400000| PB 0x0000000701400000| Untracked 
|   3|0x0000000701600000, 0x0000000701600000, 0x0000000701800000|  0%| F|  |TAMS 0x0000000701600000| PB 0x0000000701600000| Untracked 
|   4|0x0000000701800000, 0x0000000701800000, 0x0000000701a00000|  0%| F|  |TAMS 0x0000000701800000| PB 0x0000000701800000| Untracked 
|   5|0x0000000701a00000, 0x0000000701a00000, 0x0000000701c00000|  0%| F|  |TAMS 0x0000000701a00000| PB 0x0000000701a00000| Untracked 
|   6|0x0000000701c00000, 0x0000000701c00000, 0x0000000701e00000|  0%| F|  |TAMS 0x0000000701c00000| PB 0x0000000701c00000| Untracked 
|   7|0x0000000701e00000, 0x0000000701e00000, 0x0000000702000000|  0%| F|  |TAMS 0x0000000701e00000| PB 0x0000000701e00000| Untracked 
|   8|0x0000000702000000, 0x0000000702000000, 0x0000000702200000|  0%| F|  |TAMS 0x0000000702000000| PB 0x0000000702000000| Untracked 
|   9|0x0000000702200000, 0x0000000702200000, 0x0000000702400000|  0%| F|  |TAMS 0x0000000702200000| PB 0x0000000702200000| Untracked 
|  10|0x0000000702400000, 0x0000000702400000, 0x0000000702600000|  0%| F|  |TAMS 0x0000000702400000| PB 0x0000000702400000| Untracked 
|  11|0x0000000702600000, 0x0000000702600000, 0x0000000702800000|  0%| F|  |TAMS 0x0000000702600000| PB 0x0000000702600000| Untracked 
|  12|0x0000000702800000, 0x0000000702800000, 0x0000000702a00000|  0%| F|  |TAMS 0x0000000702800000| PB 0x0000000702800000| Untracked 
|  13|0x0000000702a00000, 0x0000000702a00000, 0x0000000702c00000|  0%| F|  |TAMS 0x0000000702a00000| PB 0x0000000702a00000| Untracked 
|  14|0x0000000702c00000, 0x0000000702c00000, 0x0000000702e00000|  0%| F|  |TAMS 0x0000000702c00000| PB 0x0000000702c00000| Untracked 
|  15|0x0000000702e00000, 0x0000000702e00000, 0x0000000703000000|  0%| F|  |TAMS 0x0000000702e00000| PB 0x0000000702e00000| Untracked 
|  16|0x0000000703000000, 0x0000000703000000, 0x0000000703200000|  0%| F|  |TAMS 0x0000000703000000| PB 0x0000000703000000| Untracked 
|  17|0x0000000703200000, 0x0000000703200000, 0x0000000703400000|  0%| F|  |TAMS 0x0000000703200000| PB 0x0000000703200000| Untracked 
|  18|0x0000000703400000, 0x0000000703400000, 0x0000000703600000|  0%| F|  |TAMS 0x0000000703400000| PB 0x0000000703400000| Untracked 
|  19|0x0000000703600000, 0x0000000703600000, 0x0000000703800000|  0%| F|  |TAMS 0x0000000703600000| PB 0x0000000703600000| Untracked 
|  20|0x0000000703800000, 0x0000000703800000, 0x0000000703a00000|  0%| F|  |TAMS 0x0000000703800000| PB 0x0000000703800000| Untracked 
|  21|0x0000000703a00000, 0x0000000703a00000, 0x0000000703c00000|  0%| F|  |TAMS 0x0000000703a00000| PB 0x0000000703a00000| Untracked 
|  22|0x0000000703c00000, 0x0000000703c00000, 0x0000000703e00000|  0%| F|  |TAMS 0x0000000703c00000| PB 0x0000000703c00000| Untracked 
|  23|0x0000000703e00000, 0x0000000703e00000, 0x0000000704000000|  0%| F|  |TAMS 0x0000000703e00000| PB 0x0000000703e00000| Untracked 
|  24|0x0000000704000000, 0x0000000704000000, 0x0000000704200000|  0%| F|  |TAMS 0x0000000704000000| PB 0x0000000704000000| Untracked 
|  25|0x0000000704200000, 0x0000000704200000, 0x0000000704400000|  0%| F|  |TAMS 0x0000000704200000| PB 0x0000000704200000| Untracked 
|  26|0x0000000704400000, 0x0000000704400000, 0x0000000704600000|  0%| F|  |TAMS 0x0000000704400000| PB 0x0000000704400000| Untracked 
|  27|0x0000000704600000, 0x0000000704600000, 0x0000000704800000|  0%| F|  |TAMS 0x0000000704600000| PB 0x0000000704600000| Untracked 
|  28|0x0000000704800000, 0x0000000704800000, 0x0000000704a00000|  0%| F|  |TAMS 0x0000000704800000| PB 0x0000000704800000| Untracked 
|  29|0x0000000704a00000, 0x0000000704a00000, 0x0000000704c00000|  0%| F|  |TAMS 0x0000000704a00000| PB 0x0000000704a00000| Untracked 
|  30|0x0000000704c00000, 0x0000000704c00000, 0x0000000704e00000|  0%| F|  |TAMS 0x0000000704c00000| PB 0x0000000704c00000| Untracked 
|  31|0x0000000704e00000, 0x0000000704e00000, 0x0000000705000000|  0%| F|  |TAMS 0x0000000704e00000| PB 0x0000000704e00000| Untracked 
|  32|0x0000000705000000, 0x0000000705000000, 0x0000000705200000|  0%| F|  |TAMS 0x0000000705000000| PB 0x0000000705000000| Untracked 
|  33|0x0000000705200000, 0x0000000705200000, 0x0000000705400000|  0%| F|  |TAMS 0x0000000705200000| PB 0x0000000705200000| Untracked 
|  34|0x0000000705400000, 0x0000000705400000, 0x0000000705600000|  0%| F|  |TAMS 0x0000000705400000| PB 0x0000000705400000| Untracked 
|  35|0x0000000705600000, 0x0000000705600000, 0x0000000705800000|  0%| F|  |TAMS 0x0000000705600000| PB 0x0000000705600000| Untracked 
|  36|0x0000000705800000, 0x0000000705800000, 0x0000000705a00000|  0%| F|  |TAMS 0x0000000705800000| PB 0x0000000705800000| Untracked 
|  37|0x0000000705a00000, 0x0000000705a00000, 0x0000000705c00000|  0%| F|  |TAMS 0x0000000705a00000| PB 0x0000000705a00000| Untracked 
|  38|0x0000000705c00000, 0x0000000705c00000, 0x0000000705e00000|  0%| F|  |TAMS 0x0000000705c00000| PB 0x0000000705c00000| Untracked 
|  39|0x0000000705e00000, 0x0000000705e00000, 0x0000000706000000|  0%| F|  |TAMS 0x0000000705e00000| PB 0x0000000705e00000| Untracked 
|  40|0x0000000706000000, 0x0000000706000000, 0x0000000706200000|  0%| F|  |TAMS 0x0000000706000000| PB 0x0000000706000000| Untracked 
|  41|0x0000000706200000, 0x0000000706200000, 0x0000000706400000|  0%| F|  |TAMS 0x0000000706200000| PB 0x0000000706200000| Untracked 
|  42|0x0000000706400000, 0x0000000706400000, 0x0000000706600000|  0%| F|  |TAMS 0x0000000706400000| PB 0x0000000706400000| Untracked 
|  43|0x0000000706600000, 0x0000000706600000, 0x0000000706800000|  0%| F|  |TAMS 0x0000000706600000| PB 0x0000000706600000| Untracked 
|  44|0x0000000706800000, 0x0000000706800000, 0x0000000706a00000|  0%| F|  |TAMS 0x0000000706800000| PB 0x0000000706800000| Untracked 
|  45|0x0000000706a00000, 0x0000000706a00000, 0x0000000706c00000|  0%| F|  |TAMS 0x0000000706a00000| PB 0x0000000706a00000| Untracked 
|  46|0x0000000706c00000, 0x0000000706c00000, 0x0000000706e00000|  0%| F|  |TAMS 0x0000000706c00000| PB 0x0000000706c00000| Untracked 
|  47|0x0000000706e00000, 0x0000000706e00000, 0x0000000707000000|  0%| F|  |TAMS 0x0000000706e00000| PB 0x0000000706e00000| Untracked 
|  48|0x0000000707000000, 0x0000000707000000, 0x0000000707200000|  0%| F|  |TAMS 0x0000000707000000| PB 0x0000000707000000| Untracked 
|  49|0x0000000707200000, 0x0000000707200000, 0x0000000707400000|  0%| F|  |TAMS 0x0000000707200000| PB 0x0000000707200000| Untracked 
|  50|0x0000000707400000, 0x0000000707400000, 0x0000000707600000|  0%| F|  |TAMS 0x0000000707400000| PB 0x0000000707400000| Untracked 
|  51|0x0000000707600000, 0x0000000707800000, 0x0000000707800000|100%| S|CS|TAMS 0x0000000707600000| PB 0x0000000707600000| Complete 
|  52|0x0000000707800000, 0x0000000707800000, 0x0000000707a00000|  0%| F|  |TAMS 0x0000000707800000| PB 0x0000000707800000| Untracked 
|  53|0x0000000707a00000, 0x0000000707a00000, 0x0000000707c00000|  0%| F|  |TAMS 0x0000000707a00000| PB 0x0000000707a00000| Untracked 
|  54|0x0000000707c00000, 0x0000000707c00000, 0x0000000707e00000|  0%| F|  |TAMS 0x0000000707c00000| PB 0x0000000707c00000| Untracked 
|  55|0x0000000707e00000, 0x0000000707e00000, 0x0000000708000000|  0%| F|  |TAMS 0x0000000707e00000| PB 0x0000000707e00000| Untracked 
|  56|0x0000000708000000, 0x0000000708000000, 0x0000000708200000|  0%| F|  |TAMS 0x0000000708000000| PB 0x0000000708000000| Untracked 
|  57|0x0000000708200000, 0x0000000708200000, 0x0000000708400000|  0%| F|  |TAMS 0x0000000708200000| PB 0x0000000708200000| Untracked 
|  58|0x0000000708400000, 0x0000000708400000, 0x0000000708600000|  0%| F|  |TAMS 0x0000000708400000| PB 0x0000000708400000| Untracked 
|  59|0x0000000708600000, 0x0000000708600000, 0x0000000708800000|  0%| F|  |TAMS 0x0000000708600000| PB 0x0000000708600000| Untracked 
|  60|0x0000000708800000, 0x0000000708800000, 0x0000000708a00000|  0%| F|  |TAMS 0x0000000708800000| PB 0x0000000708800000| Untracked 
|  61|0x0000000708a00000, 0x0000000708a00000, 0x0000000708c00000|  0%| F|  |TAMS 0x0000000708a00000| PB 0x0000000708a00000| Untracked 
|  62|0x0000000708c00000, 0x0000000708c00000, 0x0000000708e00000|  0%| F|  |TAMS 0x0000000708c00000| PB 0x0000000708c00000| Untracked 
|  63|0x0000000708e00000, 0x0000000708e00000, 0x0000000709000000|  0%| F|  |TAMS 0x0000000708e00000| PB 0x0000000708e00000| Untracked 
|  64|0x0000000709000000, 0x0000000709000000, 0x0000000709200000|  0%| F|  |TAMS 0x0000000709000000| PB 0x0000000709000000| Untracked 
|  65|0x0000000709200000, 0x0000000709200000, 0x0000000709400000|  0%| F|  |TAMS 0x0000000709200000| PB 0x0000000709200000| Untracked 
|  66|0x0000000709400000, 0x0000000709400000, 0x0000000709600000|  0%| F|  |TAMS 0x0000000709400000| PB 0x0000000709400000| Untracked 
|  67|0x0000000709600000, 0x0000000709600000, 0x0000000709800000|  0%| F|  |TAMS 0x0000000709600000| PB 0x0000000709600000| Untracked 
|  68|0x0000000709800000, 0x0000000709800000, 0x0000000709a00000|  0%| F|  |TAMS 0x0000000709800000| PB 0x0000000709800000| Untracked 
|  69|0x0000000709a00000, 0x0000000709a00000, 0x0000000709c00000|  0%| F|  |TAMS 0x0000000709a00000| PB 0x0000000709a00000| Untracked 
|  70|0x0000000709c00000, 0x0000000709c00000, 0x0000000709e00000|  0%| F|  |TAMS 0x0000000709c00000| PB 0x0000000709c00000| Untracked 
|  71|0x0000000709e00000, 0x0000000709e00000, 0x000000070a000000|  0%| F|  |TAMS 0x0000000709e00000| PB 0x0000000709e00000| Untracked 
|  72|0x000000070a000000, 0x000000070a000000, 0x000000070a200000|  0%| F|  |TAMS 0x000000070a000000| PB 0x000000070a000000| Untracked 
|  73|0x000000070a200000, 0x000000070a200000, 0x000000070a400000|  0%| F|  |TAMS 0x000000070a200000| PB 0x000000070a200000| Untracked 
|  74|0x000000070a400000, 0x000000070a400000, 0x000000070a600000|  0%| F|  |TAMS 0x000000070a400000| PB 0x000000070a400000| Untracked 
|  75|0x000000070a600000, 0x000000070a600000, 0x000000070a800000|  0%| F|  |TAMS 0x000000070a600000| PB 0x000000070a600000| Untracked 
|  76|0x000000070a800000, 0x000000070a800000, 0x000000070aa00000|  0%| F|  |TAMS 0x000000070a800000| PB 0x000000070a800000| Untracked 
|  77|0x000000070aa00000, 0x000000070aa00000, 0x000000070ac00000|  0%| F|  |TAMS 0x000000070aa00000| PB 0x000000070aa00000| Untracked 
|  78|0x000000070ac00000, 0x000000070ac00000, 0x000000070ae00000|  0%| F|  |TAMS 0x000000070ac00000| PB 0x000000070ac00000| Untracked 
|  79|0x000000070ae00000, 0x000000070ae00000, 0x000000070b000000|  0%| F|  |TAMS 0x000000070ae00000| PB 0x000000070ae00000| Untracked 
|  80|0x000000070b000000, 0x000000070b000000, 0x000000070b200000|  0%| F|  |TAMS 0x000000070b000000| PB 0x000000070b000000| Untracked 
|  81|0x000000070b200000, 0x000000070b200000, 0x000000070b400000|  0%| F|  |TAMS 0x000000070b200000| PB 0x000000070b200000| Untracked 
|  82|0x000000070b400000, 0x000000070b400000, 0x000000070b600000|  0%| F|  |TAMS 0x000000070b400000| PB 0x000000070b400000| Untracked 
|  83|0x000000070b600000, 0x000000070b600000, 0x000000070b800000|  0%| F|  |TAMS 0x000000070b600000| PB 0x000000070b600000| Untracked 
|  84|0x000000070b800000, 0x000000070b800000, 0x000000070ba00000|  0%| F|  |TAMS 0x000000070b800000| PB 0x000000070b800000| Untracked 
|  85|0x000000070ba00000, 0x000000070ba00000, 0x000000070bc00000|  0%| F|  |TAMS 0x000000070ba00000| PB 0x000000070ba00000| Untracked 
|  86|0x000000070bc00000, 0x000000070bc00000, 0x000000070be00000|  0%| F|  |TAMS 0x000000070bc00000| PB 0x000000070bc00000| Untracked 
|  87|0x000000070be00000, 0x000000070be00000, 0x000000070c000000|  0%| F|  |TAMS 0x000000070be00000| PB 0x000000070be00000| Untracked 
|  88|0x000000070c000000, 0x000000070c000000, 0x000000070c200000|  0%| F|  |TAMS 0x000000070c000000| PB 0x000000070c000000| Untracked 
|  89|0x000000070c200000, 0x000000070c200000, 0x000000070c400000|  0%| F|  |TAMS 0x000000070c200000| PB 0x000000070c200000| Untracked 
|  90|0x000000070c400000, 0x000000070c400000, 0x000000070c600000|  0%| F|  |TAMS 0x000000070c400000| PB 0x000000070c400000| Untracked 
|  91|0x000000070c600000, 0x000000070c600000, 0x000000070c800000|  0%| F|  |TAMS 0x000000070c600000| PB 0x000000070c600000| Untracked 
|  92|0x000000070c800000, 0x000000070c800000, 0x000000070ca00000|  0%| F|  |TAMS 0x000000070c800000| PB 0x000000070c800000| Untracked 
|  93|0x000000070ca00000, 0x000000070ca00000, 0x000000070cc00000|  0%| F|  |TAMS 0x000000070ca00000| PB 0x000000070ca00000| Untracked 
|  94|0x000000070cc00000, 0x000000070cc00000, 0x000000070ce00000|  0%| F|  |TAMS 0x000000070cc00000| PB 0x000000070cc00000| Untracked 
|  95|0x000000070ce00000, 0x000000070ce00000, 0x000000070d000000|  0%| F|  |TAMS 0x000000070ce00000| PB 0x000000070ce00000| Untracked 
|  96|0x000000070d000000, 0x000000070d000000, 0x000000070d200000|  0%| F|  |TAMS 0x000000070d000000| PB 0x000000070d000000| Untracked 
|  97|0x000000070d200000, 0x000000070d200000, 0x000000070d400000|  0%| F|  |TAMS 0x000000070d200000| PB 0x000000070d200000| Untracked 
|  98|0x000000070d400000, 0x000000070d400000, 0x000000070d600000|  0%| F|  |TAMS 0x000000070d400000| PB 0x000000070d400000| Untracked 
|  99|0x000000070d600000, 0x000000070d600000, 0x000000070d800000|  0%| F|  |TAMS 0x000000070d600000| PB 0x000000070d600000| Untracked 
| 100|0x000000070d800000, 0x000000070d800000, 0x000000070da00000|  0%| F|  |TAMS 0x000000070d800000| PB 0x000000070d800000| Untracked 
| 101|0x000000070da00000, 0x000000070da00000, 0x000000070dc00000|  0%| F|  |TAMS 0x000000070da00000| PB 0x000000070da00000| Untracked 
| 102|0x000000070dc00000, 0x000000070dc00000, 0x000000070de00000|  0%| F|  |TAMS 0x000000070dc00000| PB 0x000000070dc00000| Untracked 
| 103|0x000000070de00000, 0x000000070de00000, 0x000000070e000000|  0%| F|  |TAMS 0x000000070de00000| PB 0x000000070de00000| Untracked 
| 104|0x000000070e000000, 0x000000070e000000, 0x000000070e200000|  0%| F|  |TAMS 0x000000070e000000| PB 0x000000070e000000| Untracked 
| 105|0x000000070e200000, 0x000000070e200000, 0x000000070e400000|  0%| F|  |TAMS 0x000000070e200000| PB 0x000000070e200000| Untracked 
| 106|0x000000070e400000, 0x000000070e400000, 0x000000070e600000|  0%| F|  |TAMS 0x000000070e400000| PB 0x000000070e400000| Untracked 
| 107|0x000000070e600000, 0x000000070e800000, 0x000000070e800000|100%| E|  |TAMS 0x000000070e600000| PB 0x000000070e600000| Complete 
| 108|0x000000070e800000, 0x000000070ea00000, 0x000000070ea00000|100%| E|CS|TAMS 0x000000070e800000| PB 0x000000070e800000| Complete 
| 109|0x000000070ea00000, 0x000000070ec00000, 0x000000070ec00000|100%| E|CS|TAMS 0x000000070ea00000| PB 0x000000070ea00000| Complete 
| 110|0x000000070ec00000, 0x000000070ee00000, 0x000000070ee00000|100%| E|CS|TAMS 0x000000070ec00000| PB 0x000000070ec00000| Complete 
| 111|0x000000070ee00000, 0x000000070f000000, 0x000000070f000000|100%| E|CS|TAMS 0x000000070ee00000| PB 0x000000070ee00000| Complete 
| 112|0x000000070f000000, 0x000000070f200000, 0x000000070f200000|100%| E|CS|TAMS 0x000000070f000000| PB 0x000000070f000000| Complete 
| 113|0x000000070f200000, 0x000000070f400000, 0x000000070f400000|100%| E|CS|TAMS 0x000000070f200000| PB 0x000000070f200000| Complete 
| 114|0x000000070f400000, 0x000000070f600000, 0x000000070f600000|100%| E|CS|TAMS 0x000000070f400000| PB 0x000000070f400000| Complete 
| 115|0x000000070f600000, 0x000000070f800000, 0x000000070f800000|100%| E|CS|TAMS 0x000000070f600000| PB 0x000000070f600000| Complete 
| 116|0x000000070f800000, 0x000000070fa00000, 0x000000070fa00000|100%| E|CS|TAMS 0x000000070f800000| PB 0x000000070f800000| Complete 
| 117|0x000000070fa00000, 0x000000070fc00000, 0x000000070fc00000|100%| E|CS|TAMS 0x000000070fa00000| PB 0x000000070fa00000| Complete 
| 118|0x000000070fc00000, 0x000000070fe00000, 0x000000070fe00000|100%| E|CS|TAMS 0x000000070fc00000| PB 0x000000070fc00000| Complete 
| 119|0x000000070fe00000, 0x0000000710000000, 0x0000000710000000|100%| E|CS|TAMS 0x000000070fe00000| PB 0x000000070fe00000| Complete 
| 120|0x0000000710000000, 0x0000000710200000, 0x0000000710200000|100%| E|CS|TAMS 0x0000000710000000| PB 0x0000000710000000| Complete 
| 121|0x0000000710200000, 0x0000000710400000, 0x0000000710400000|100%| E|CS|TAMS 0x0000000710200000| PB 0x0000000710200000| Complete 
| 122|0x0000000710400000, 0x0000000710600000, 0x0000000710600000|100%| E|CS|TAMS 0x0000000710400000| PB 0x0000000710400000| Complete 
| 123|0x0000000710600000, 0x0000000710800000, 0x0000000710800000|100%| E|CS|TAMS 0x0000000710600000| PB 0x0000000710600000| Complete 
| 124|0x0000000710800000, 0x0000000710a00000, 0x0000000710a00000|100%| E|CS|TAMS 0x0000000710800000| PB 0x0000000710800000| Complete 
| 125|0x0000000710a00000, 0x0000000710c00000, 0x0000000710c00000|100%| E|CS|TAMS 0x0000000710a00000| PB 0x0000000710a00000| Complete 
| 126|0x0000000710c00000, 0x0000000710e00000, 0x0000000710e00000|100%| E|CS|TAMS 0x0000000710c00000| PB 0x0000000710c00000| Complete 
| 127|0x0000000710e00000, 0x0000000711000000, 0x0000000711000000|100%| E|CS|TAMS 0x0000000710e00000| PB 0x0000000710e00000| Complete 

Card table byte_map: [0x00000263bdf80000,0x00000263be780000] _byte_map_base: 0x00000263ba778000

Marking Bits: (CMBitMap*) 0x00000263a4127cc0
 Bits: [0x00000263be780000, 0x00000263c2740000)

Polling page: 0x00000263adce0000

Metaspace:

Usage:
  Non-class:     11.32 MB used.
      Class:    950.48 KB used.
       Both:     12.25 MB used.

Virtual space:
  Non-class space:       64.00 MB reserved,      11.44 MB ( 18%) committed,  1 nodes.
      Class space:        1.00 GB reserved,       1.06 MB ( <1%) committed,  1 nodes.
             Both:        1.06 GB reserved,      12.50 MB (  1%) committed. 

Chunk freelists:
   Non-Class:  4.03 MB
       Class:  14.91 MB
        Both:  18.94 MB

MaxMetaspaceSize: unlimited
CompressedClassSpaceSize: 1.00 GB
Initial GC threshold: 21.00 MB
Current GC threshold: 21.00 MB
CDS: on
 - commit_granule_bytes: 65536.
 - commit_granule_words: 8192.
 - virtual_space_node_default_size: 8388608.
 - enlarge_chunks_in_place: 1.
 - use_allocation_guard: 0.


Internal statistics:

num_allocs_failed_limit: 0.
num_arena_births: 152.
num_arena_deaths: 0.
num_vsnodes_births: 2.
num_vsnodes_deaths: 0.
num_space_committed: 196.
num_space_uncommitted: 0.
num_chunks_returned_to_freelist: 0.
num_chunks_taken_from_freelist: 388.
num_chunk_merges: 0.
num_chunk_splits: 287.
num_chunks_enlarged: 220.
num_inconsistent_stats: 0.

CodeHeap 'non-profiled nmethods': size=120000Kb used=889Kb max_used=889Kb free=119110Kb
 bounds [0x00000263b57d0000, 0x00000263b5a40000, 0x00000263bcd00000]
CodeHeap 'profiled nmethods': size=120000Kb used=3815Kb max_used=3815Kb free=116184Kb
 bounds [0x00000263add00000, 0x00000263ae0c0000, 0x00000263b5230000]
CodeHeap 'non-nmethods': size=5760Kb used=1979Kb max_used=2001Kb free=3781Kb
 bounds [0x00000263b5230000, 0x00000263b54a0000, 0x00000263b57d0000]
 total_blobs=2967 nmethods=2005 adapters=867
 compilation: enabled
              stopped_count=0, restarted_count=0
 full_count=0

Compilation events (20 events):
Event: 5.309 Thread 0x00000263c5239320 nmethod 1996 0x00000263ae0b1b90 code [0x00000263ae0b1dc0, 0x00000263ae0b23f0]
Event: 5.309 Thread 0x00000263c5239320 1997       3       java.awt.Color::getRed (12 bytes)
Event: 5.309 Thread 0x00000263c5239320 nmethod 1997 0x00000263ae0b2710 code [0x00000263ae0b28a0, 0x00000263ae0b29d0]
Event: 5.309 Thread 0x00000263c5239320 1998       3       java.awt.Color::getGreen (12 bytes)
Event: 5.309 Thread 0x00000263c5239320 nmethod 1998 0x00000263ae0b2a90 code [0x00000263ae0b2c20, 0x00000263ae0b2d50]
Event: 5.312 Thread 0x00000263c5238880 1999 %s    4       jogamp.opengl.util.jpeg.JPEGDecoder::parse @ 1112 (1806 bytes)
Event: 5.326 Thread 0x00000263c5239320 2000       3       com.jogamp.opengl.util.awt.TextRenderer::draw3D (12 bytes)
Event: 5.326 Thread 0x00000263c5239320 nmethod 2000 0x00000263ae0b2e10 code [0x00000263ae0b2fc0, 0x00000263ae0b3100]
Event: 5.326 Thread 0x00000263c5239320 2001       3       jogamp.opengl.gl4.GL4bcImpl::glPopClientAttrib (57 bytes)
Event: 5.327 Thread 0x00000263c5239320 nmethod 2001 0x00000263ae0b3210 code [0x00000263ae0b34c0, 0x00000263ae0b4110]
Event: 5.327 Thread 0x00000263c5239320 2002       3       com.jogamp.opengl.util.awt.TextureRenderer::endRendering (75 bytes)
Event: 5.328 Thread 0x00000263c5239320 nmethod 2002 0x00000263ae0b4590 code [0x00000263ae0b4820, 0x00000263ae0b5070]
Event: 5.360 Thread 0x00000263c5239320 2003       3       jogamp.opengl.GLDrawableImpl::lockSurface (103 bytes)
Event: 5.360 Thread 0x00000263c5239320 nmethod 2003 0x00000263ae0b5410 code [0x00000263ae0b5600, 0x00000263ae0b5d98]
Event: 5.397 Thread 0x00000263c5239320 2005       3       java.util.TaskQueue::getMin (7 bytes)
Event: 5.397 Thread 0x00000263c5239320 nmethod 2005 0x00000263ae0b6010 code [0x00000263ae0b61c0, 0x00000263ae0b6300]
Event: 5.448 Thread 0x00000263c5239320 2006       2       jdk.internal.misc.Unsafe::allocateUninitializedArray (55 bytes)
Event: 5.449 Thread 0x00000263c5239320 nmethod 2006 0x00000263ae0b6410 code [0x00000263ae0b6600, 0x00000263ae0b6978]
Event: 5.465 Thread 0x00000263c5239320 2008       3       java.io.WinNTFileSystem::normalizePrefix (132 bytes)
Event: 5.467 Thread 0x00000263c5239320 nmethod 2008 0x00000263ae0b6b10 code [0x00000263ae0b6f20, 0x00000263ae0b9050]

GC Heap History (6 events):
Event: 1.223 GC heap before
{Heap before GC invocations=0 (full 0):
 garbage-first heap   total 262144K, used 22528K [0x0000000701000000, 0x0000000800000000)
  region size 2048K, 11 young (22528K), 0 survivors (0K)
 Metaspace       used 9024K, committed 9216K, reserved 1114112K
  class space    used 656K, committed 768K, reserved 1048576K
}
Event: 1.226 GC heap after
{Heap after GC invocations=1 (full 0):
 garbage-first heap   total 262144K, used 3455K [0x0000000701000000, 0x0000000800000000)
  region size 2048K, 2 young (4096K), 2 survivors (4096K)
 Metaspace       used 9024K, committed 9216K, reserved 1114112K
  class space    used 656K, committed 768K, reserved 1048576K
}
Event: 2.574 GC heap before
{Heap before GC invocations=1 (full 0):
 garbage-first heap   total 262144K, used 36223K [0x0000000701000000, 0x0000000800000000)
  region size 2048K, 18 young (36864K), 2 survivors (4096K)
 Metaspace       used 12329K, committed 12608K, reserved 1114112K
  class space    used 949K, committed 1088K, reserved 1048576K
}
Event: 2.578 GC heap after
{Heap after GC invocations=2 (full 0):
 garbage-first heap   total 262144K, used 6364K [0x0000000701000000, 0x0000000800000000)
  region size 2048K, 2 young (4096K), 2 survivors (4096K)
 Metaspace       used 12329K, committed 12608K, reserved 1114112K
  class space    used 949K, committed 1088K, reserved 1048576K
}
Event: 4.902 GC heap before
{Heap before GC invocations=2 (full 0):
 garbage-first heap   total 262144K, used 157916K [0x0000000701000000, 0x0000000800000000)
  region size 2048K, 76 young (155648K), 2 survivors (4096K)
 Metaspace       used 12519K, committed 12800K, reserved 1114112K
  class space    used 950K, committed 1088K, reserved 1048576K
}
Event: 4.904 GC heap after
{Heap after GC invocations=3 (full 0):
 garbage-first heap   total 262144K, used 5329K [0x0000000701000000, 0x0000000800000000)
  region size 2048K, 1 young (2048K), 1 survivors (2048K)
 Metaspace       used 12519K, committed 12800K, reserved 1114112K
  class space    used 950K, committed 1088K, reserved 1048576K
}

Dll operation events (16 events):
Event: 0.007 Loaded shared library C:\Program Files\Java\jdk-21\bin\java.dll
Event: 0.039 Loaded shared library C:\Program Files\Java\jdk-21\bin\jsvml.dll
Event: 0.068 Loaded shared library C:\Program Files\Java\jdk-21\bin\net.dll
Event: 0.069 Loaded shared library C:\Program Files\Java\jdk-21\bin\nio.dll
Event: 0.073 Loaded shared library C:\Program Files\Java\jdk-21\bin\zip.dll
Event: 0.131 Loaded shared library C:\Program Files\Java\jdk-21\bin\jimage.dll
Event: 0.309 Loaded shared library C:\Users\rafin\AppData\Local\Temp\jogamp_0000\file_cache\jln7205585724052067577\jln14337067905380673868\natives\windows-amd64\gluegen-rt.dll
Event: 0.359 Loaded shared library C:\Program Files\Java\jdk-21\bin\awt.dll
Event: 0.417 Loaded shared library C:\Program Files\Java\jdk-21\bin\jawt.dll
Event: 0.420 Loaded shared library C:\Users\rafin\AppData\Local\Temp\jogamp_0000\file_cache\jln7205585724052067577\jln14337067905380673868\natives\windows-amd64\nativewindow_awt.dll
Event: 0.507 Loaded shared library C:\Users\rafin\AppData\Local\Temp\jogamp_0000\file_cache\jln7205585724052067577\jln14337067905380673868\natives\windows-amd64\nativewindow_win32.dll
Event: 0.664 Loaded shared library C:\Users\rafin\AppData\Local\Temp\jogamp_0000\file_cache\jln7205585724052067577\jln14337067905380673868\natives\windows-amd64\jogl_desktop.dll
Event: 0.805 Loaded shared library C:\Users\rafin\AppData\Local\Temp\jogamp_0000\file_cache\jln7205585724052067577\jln14337067905380673868\natives\windows-amd64\jogl_mobile.dll
Event: 1.507 Loaded shared library C:\Users\rafin\AppData\Local\Temp\jogamp_0000\file_cache\jln7205585724052067577\jln14337067905380673868\natives\windows-amd64\newt.dll
Event: 1.856 Loaded shared library C:\Program Files\Java\jdk-21\bin\freetype.dll
Event: 1.858 Loaded shared library C:\Program Files\Java\jdk-21\bin\fontmanager.dll

Deoptimization events (20 events):
Event: 5.288 Thread 0x00000264170d1e70 DEOPT PACKING pc=0x00000263b58adb54 sp=0x0000006ae6bfe820
Event: 5.288 Thread 0x00000264170d1e70 DEOPT UNPACKING pc=0x00000263b52846a2 sp=0x0000006ae6bfe7b8 mode 2
Event: 5.306 Thread 0x00000264170d1e70 Uncommon trap: trap_request=0xffffffd6 fr.pc=0x00000263b58ae1ac relative=0x000000000000038c
Event: 5.306 Thread 0x00000264170d1e70 Uncommon trap: reason=array_check action=maybe_recompile pc=0x00000263b58ae1ac method=java.util.Arrays.fill([Ljava/lang/Object;Ljava/lang/Object;)V @ 13 c2
Event: 5.306 Thread 0x00000264170d1e70 DEOPT PACKING pc=0x00000263b58ae1ac sp=0x0000006ae6bfe850
Event: 5.306 Thread 0x00000264170d1e70 DEOPT UNPACKING pc=0x00000263b52846a2 sp=0x0000006ae6bfe800 mode 2
Event: 5.306 Thread 0x00000264170d1e70 Uncommon trap: trap_request=0xffffffd6 fr.pc=0x00000263b58ae1ac relative=0x000000000000038c
Event: 5.306 Thread 0x00000264170d1e70 Uncommon trap: reason=array_check action=maybe_recompile pc=0x00000263b58ae1ac method=java.util.Arrays.fill([Ljava/lang/Object;Ljava/lang/Object;)V @ 13 c2
Event: 5.306 Thread 0x00000264170d1e70 DEOPT PACKING pc=0x00000263b58ae1ac sp=0x0000006ae6bfe800
Event: 5.307 Thread 0x00000264170d1e70 DEOPT UNPACKING pc=0x00000263b52846a2 sp=0x0000006ae6bfe7b0 mode 2
Event: 5.307 Thread 0x00000264170d1e70 Uncommon trap: trap_request=0xffffffd6 fr.pc=0x00000263b58ae1ac relative=0x000000000000038c
Event: 5.307 Thread 0x00000264170d1e70 Uncommon trap: reason=array_check action=maybe_recompile pc=0x00000263b58ae1ac method=java.util.Arrays.fill([Ljava/lang/Object;Ljava/lang/Object;)V @ 13 c2
Event: 5.307 Thread 0x00000264170d1e70 DEOPT PACKING pc=0x00000263b58ae1ac sp=0x0000006ae6bfe850
Event: 5.307 Thread 0x00000264170d1e70 DEOPT UNPACKING pc=0x00000263b52846a2 sp=0x0000006ae6bfe800 mode 2
Event: 5.307 Thread 0x00000264170d1e70 Uncommon trap: trap_request=0xffffffd6 fr.pc=0x00000263b58ae1ac relative=0x000000000000038c
Event: 5.307 Thread 0x00000264170d1e70 Uncommon trap: reason=array_check action=maybe_recompile pc=0x00000263b58ae1ac method=java.util.Arrays.fill([Ljava/lang/Object;Ljava/lang/Object;)V @ 13 c2
Event: 5.307 Thread 0x00000264170d1e70 DEOPT PACKING pc=0x00000263b58ae1ac sp=0x0000006ae6bfe800
Event: 5.307 Thread 0x00000264170d1e70 DEOPT UNPACKING pc=0x00000263b52846a2 sp=0x0000006ae6bfe7b0 mode 2
Event: 5.379 Thread 0x00000264170d1e70 DEOPT PACKING pc=0x00000263ae074ef6 sp=0x0000006ae6bfea20
Event: 5.379 Thread 0x00000264170d1e70 DEOPT UNPACKING pc=0x00000263b5284e42 sp=0x0000006ae6bfdf10 mode 0

Classes loaded (20 events):
Event: 2.369 Loading class sun/font/FileFontStrike
Event: 2.369 Loading class sun/font/FileFontStrike done
Event: 2.369 Loading class sun/font/FontScaler
Event: 2.369 Loading class sun/font/FontScaler done
Event: 2.369 Loading class sun/font/FreetypeFontScaler
Event: 2.369 Loading class sun/font/FreetypeFontScaler done
Event: 2.370 Loading class sun/font/FontStrikeDisposer
Event: 2.370 Loading class sun/java2d/Disposer$PollDisposable
Event: 2.370 Loading class sun/java2d/Disposer$PollDisposable done
Event: 2.370 Loading class sun/font/FontStrikeDisposer done
Event: 2.370 Loading class sun/font/StrikeCache$SoftDisposerRef
Event: 2.370 Loading class sun/font/StrikeCache$DisposableStrike
Event: 2.370 Loading class sun/font/StrikeCache$DisposableStrike done
Event: 2.370 Loading class sun/font/StrikeCache$SoftDisposerRef done
Event: 2.370 Loading class java/awt/font/GlyphMetrics
Event: 2.370 Loading class java/awt/font/GlyphMetrics done
Event: 2.372 Loading class sun/java2d/loops/FontInfo
Event: 2.372 Loading class sun/java2d/loops/FontInfo done
Event: 2.373 Loading class java/nio/HeapIntBuffer
Event: 2.373 Loading class java/nio/HeapIntBuffer done

Classes unloaded (0 events):
No events

Classes redefined (0 events):
No events

Internal exceptions (19 events):
Event: 0.116 Thread 0x00000263a3e87da0 Exception <a 'java/lang/NoSuchMethodError'{0x0000000710d65b98}: 'java.lang.Object java.lang.invoke.DirectMethodHandle$Holder.invokeInterface(java.lang.Object, java.lang.Object)'> (0x0000000710d65b98) 
thrown [s\open\src\hotspot\share\interpreter\linkResolver.cpp, line 773]
Event: 0.116 Thread 0x00000263a3e87da0 Exception <a 'java/lang/IncompatibleClassChangeError'{0x0000000710d69210}: Found class java.lang.Object, but interface was expected> (0x0000000710d69210) 
thrown [s\open\src\hotspot\share\interpreter\linkResolver.cpp, line 840]
Event: 0.176 Thread 0x00000263a3e87da0 Exception <a 'java/lang/NoSuchMethodError'{0x0000000710a4ca50}: 'java.lang.Object java.lang.invoke.DirectMethodHandle$Holder.invokeStaticInit(java.lang.Object, int, int, int, int)'> (0x0000000710a4ca50) 
thrown [s\open\src\hotspot\share\interpreter\linkResolver.cpp, line 773]
Event: 0.201 Thread 0x00000263a3e87da0 Exception <a 'java/lang/NoSuchMethodError'{0x0000000710aff528}: 'java.lang.Object java.lang.invoke.DirectMethodHandle$Holder.invokeStaticInit(java.lang.Object, java.lang.Object, int, int, int, int)'> (0x0000000710aff528) 
thrown [s\open\src\hotspot\share\interpreter\linkResolver.cpp, line 773]
Event: 0.236 Thread 0x00000263a3e87da0 Exception <a 'java/lang/NoSuchMethodError'{0x0000000710b19228}: 'void java.lang.invoke.DirectMethodHandle$Holder.invokeStatic(java.lang.Object, long)'> (0x0000000710b19228) 
thrown [s\open\src\hotspot\share\interpreter\linkResolver.cpp, line 773]
Event: 0.237 Thread 0x00000263a3e87da0 Exception <a 'java/lang/NoSuchMethodError'{0x0000000710b1e460}: 'java.lang.Object java.lang.invoke.DirectMethodHandle$Holder.newInvokeSpecial(java.lang.Object, long)'> (0x0000000710b1e460) 
thrown [s\open\src\hotspot\share\interpreter\linkResolver.cpp, line 773]
Event: 0.239 Thread 0x00000263a3e87da0 Exception <a 'java/lang/NoSuchMethodError'{0x0000000710b25780}: 'java.lang.Object java.lang.invoke.DirectMethodHandle$Holder.invokeStatic(java.lang.Object, long, java.lang.Object)'> (0x0000000710b25780) 
thrown [s\open\src\hotspot\share\interpreter\linkResolver.cpp, line 773]
Event: 0.240 Thread 0x00000263a3e87da0 Exception <a 'java/lang/NoSuchMethodError'{0x0000000710b28f08}: 'java.lang.Object java.lang.invoke.DirectMethodHandle$Holder.invokeStaticInit(java.lang.Object, long, java.lang.Object)'> (0x0000000710b28f08) 
thrown [s\open\src\hotspot\share\interpreter\linkResolver.cpp, line 773]
Event: 0.313 Thread 0x00000263a3e87da0 Exception <a 'java/lang/NoSuchMethodError'{0x0000000710817af0}: 'int java.lang.invoke.DirectMethodHandle$Holder.invokeStatic(java.lang.Object)'> (0x0000000710817af0) 
thrown [s\open\src\hotspot\share\interpreter\linkResolver.cpp, line 773]
Event: 0.313 Thread 0x00000263a3e87da0 Exception <a 'java/lang/NoSuchMethodError'{0x000000071081b060}: 'int java.lang.invoke.DelegatingMethodHandle$Holder.reinvoke_L(java.lang.Object)'> (0x000000071081b060) 
thrown [s\open\src\hotspot\share\interpreter\linkResolver.cpp, line 773]
Event: 0.355 Thread 0x00000263a3e87da0 Exception <a 'java/lang/ClassNotFoundException'{0x000000071090d200}: sun/awt/resources/spi/awtProvider> (0x000000071090d200) 
thrown [s\open\src\hotspot\share\classfile\systemDictionary.cpp, line 312]
Event: 0.370 Thread 0x00000263a3e87da0 Exception <a 'java/io/FileNotFoundException'{0x0000000710954fa0}> (0x0000000710954fa0) 
thrown [s\open\src\hotspot\share\prims\jni.cpp, line 520]
Event: 0.375 Thread 0x00000263a3e87da0 Exception <a 'java/io/FileNotFoundException'{0x000000071097f2b8}> (0x000000071097f2b8) 
thrown [s\open\src\hotspot\share\prims\jni.cpp, line 520]
Event: 0.669 Thread 0x00000263a3e87da0 Exception <a 'java/lang/NoSuchMethodError'{0x000000071001ed18}: 'long java.lang.invoke.DelegatingMethodHandle$Holder.reinvoke_L(java.lang.Object, java.lang.Object)'> (0x000000071001ed18) 
thrown [s\open\src\hotspot\share\interpreter\linkResolver.cpp, line 773]
Event: 0.671 Thread 0x00000263a3e87da0 Exception <a 'java/lang/NoSuchMethodError'{0x0000000710028b88}: 'void java.lang.invoke.DelegatingMethodHandle$Holder.reinvoke_L(java.lang.Object, java.lang.Object, long)'> (0x0000000710028b88) 
thrown [s\open\src\hotspot\share\interpreter\linkResolver.cpp, line 773]
Event: 1.284 Thread 0x00000263c54e1f30 Exception <a 'java/lang/NoSuchMethodError'{0x0000000710ca2140}: 'long java.lang.invoke.Invokers$Holder.invokeExact_MT(java.lang.Object, java.lang.Object, java.lang.Object)'> (0x0000000710ca2140) 
thrown [s\open\src\hotspot\share\interpreter\linkResolver.cpp, line 773]
Event: 1.293 Thread 0x00000263c54e1f30 Implicit null exception at 0x00000263b5828340 to 0x00000263b58285a4
Event: 1.294 Thread 0x00000263c54e1f30 Exception <a 'java/lang/NoSuchMethodError'{0x0000000710ddaf38}: 'void java.lang.invoke.DirectMethodHandle$Holder.invokeSpecial(java.lang.Object, java.lang.Object, java.lang.Object)'> (0x0000000710ddaf38) 
thrown [s\open\src\hotspot\share\interpreter\linkResolver.cpp, line 773]
Event: 1.530 Thread 0x00000263a3e87da0 Implicit null exception at 0x00000263b582585d to 0x00000263b58258f4

ZGC Phase Switch (0 events):
No events

VM Operations (20 events):
Event: 0.312 Executing VM operation: HandshakeAllThreads (Deoptimize)
Event: 0.312 Executing VM operation: HandshakeAllThreads (Deoptimize) done
Event: 0.490 Executing VM operation: HandshakeAllThreads (Deoptimize)
Event: 0.490 Executing VM operation: HandshakeAllThreads (Deoptimize) done
Event: 0.494 Executing VM operation: HandshakeAllThreads (Deoptimize)
Event: 0.494 Executing VM operation: HandshakeAllThreads (Deoptimize) done
Event: 1.222 Executing VM operation: G1CollectForAllocation (G1 Evacuation Pause)
Event: 1.226 Executing VM operation: G1CollectForAllocation (G1 Evacuation Pause) done
Event: 1.885 Executing VM operation: HandshakeAllThreads (Deoptimize)
Event: 1.885 Executing VM operation: HandshakeAllThreads (Deoptimize) done
Event: 1.919 Executing VM operation: HandshakeAllThreads (Deoptimize)
Event: 1.919 Executing VM operation: HandshakeAllThreads (Deoptimize) done
Event: 2.574 Executing VM operation: G1CollectForAllocation (G1 Evacuation Pause)
Event: 2.578 Executing VM operation: G1CollectForAllocation (G1 Evacuation Pause) done
Event: 3.579 Executing VM operation: Cleanup
Event: 3.579 Executing VM operation: Cleanup done
Event: 4.582 Executing VM operation: Cleanup
Event: 4.582 Executing VM operation: Cleanup done
Event: 4.902 Executing VM operation: G1CollectForAllocation (G1 Evacuation Pause)
Event: 4.904 Executing VM operation: G1CollectForAllocation (G1 Evacuation Pause) done

Events (20 events):
Event: 0.062 Thread 0x00000263c54e3970 Thread added: 0x00000263c54e3970
Event: 0.196 Thread 0x000002640b020cc0 Thread added: 0x000002640b020cc0
Event: 0.295 Thread 0x00000263c54e1210 Thread added: 0x00000263c54e1210
Event: 0.306 Thread 0x00000263c54e1210 Thread exited: 0x00000263c54e1210
Event: 0.406 Thread 0x00000263c54e25c0 Thread added: 0x00000263c54e25c0
Event: 0.407 Thread 0x00000263c54e18a0 Thread added: 0x00000263c54e18a0
Event: 0.408 Thread 0x00000263c54e2c50 Thread added: 0x00000263c54e2c50
Event: 0.492 Thread 0x00000263c54e4000 Thread added: 0x00000263c54e4000
Event: 0.612 Thread 0x000002640b020cc0 Thread exited: 0x000002640b020cc0
Event: 0.683 Thread 0x00000263c54e1f30 Thread added: 0x00000263c54e1f30
Event: 1.130 Thread 0x0000026417053970 Thread added: 0x0000026417053970
Event: 1.511 Thread 0x00000263c54e18a0 Thread exited: 0x00000263c54e18a0
Event: 1.511 Thread 0x00000263c54e4000 Thread exited: 0x00000263c54e4000
Event: 1.578 Thread 0x00000264170d3220 Thread added: 0x00000264170d3220
Event: 1.589 Thread 0x00000264170d1e70 Thread added: 0x00000264170d1e70
Event: 1.632 Thread 0x00000263a3e87da0 Thread exited: 0x00000263a3e87da0
Event: 1.632 Thread 0x00000264170d38b0 Thread added: 0x00000264170d38b0
Event: 1.728 Thread 0x000002641a2397c0 Thread added: 0x000002641a2397c0
Event: 2.242 Thread 0x000002641a2397c0 Thread exited: 0x000002641a2397c0
Event: 2.655 Thread 0x0000026417053970 Thread exited: 0x0000026417053970


Dynamic libraries:
0x00007ff6cebd0000 - 0x00007ff6cebe0000 	C:\Program Files\Java\jdk-21\bin\java.exe
0x00007ff9b3b70000 - 0x00007ff9b3d68000 	C:\Windows\SYSTEM32\ntdll.dll
0x00007ff9b3650000 - 0x00007ff9b370d000 	C:\Windows\System32\KERNEL32.DLL
0x00007ff9b1250000 - 0x00007ff9b1546000 	C:\Windows\System32\KERNELBASE.dll
0x00007ff9b1a70000 - 0x00007ff9b1b70000 	C:\Windows\System32\ucrtbase.dll
0x00007ff9a7570000 - 0x00007ff9a7589000 	C:\Program Files\Java\jdk-21\bin\jli.dll
0x00007ff9a93b0000 - 0x00007ff9a93cb000 	C:\Program Files\Java\jdk-21\bin\VCRUNTIME140.dll
0x00007ff9b2c10000 - 0x00007ff9b2cbf000 	C:\Windows\System32\ADVAPI32.dll
0x00007ff9b2cc0000 - 0x00007ff9b2d5e000 	C:\Windows\System32\msvcrt.dll
0x00007ff9b35b0000 - 0x00007ff9b364c000 	C:\Windows\System32\sechost.dll
0x00007ff9b3710000 - 0x00007ff9b3836000 	C:\Windows\System32\RPCRT4.dll
0x00007ff9b1e20000 - 0x00007ff9b1fbe000 	C:\Windows\System32\USER32.dll
0x00007ff993de0000 - 0x00007ff99407a000 	C:\Windows\WinSxS\amd64_microsoft.windows.common-controls_6595b64144ccf1df_6.0.19041.3636_none_60b6a03d71f818d5\COMCTL32.dll
0x00007ff9b1b70000 - 0x00007ff9b1b92000 	C:\Windows\System32\win32u.dll
0x00007ff9b3a30000 - 0x00007ff9b3a5c000 	C:\Windows\System32\GDI32.dll
0x00007ff9b18c0000 - 0x00007ff9b19da000 	C:\Windows\System32\gdi32full.dll
0x00007ff9b1600000 - 0x00007ff9b169d000 	C:\Windows\System32\msvcp_win.dll
0x00007ff9aa1d0000 - 0x00007ff9aa1da000 	C:\Windows\SYSTEM32\VERSION.dll
0x00007ff9b2d60000 - 0x00007ff9b2d90000 	C:\Windows\System32\IMM32.DLL
0x00007ff9a7e50000 - 0x00007ff9a7e5c000 	C:\Program Files\Java\jdk-21\bin\vcruntime140_1.dll
0x00007ff98a770000 - 0x00007ff98a7fe000 	C:\Program Files\Java\jdk-21\bin\msvcp140.dll
0x00007ff988c60000 - 0x00007ff989975000 	C:\Program Files\Java\jdk-21\bin\server\jvm.dll
0x00007ff9b2840000 - 0x00007ff9b28ab000 	C:\Windows\System32\WS2_32.dll
0x00007ff9b1000000 - 0x00007ff9b104b000 	C:\Windows\SYSTEM32\POWRPROF.dll
0x00007ff9ac8d0000 - 0x00007ff9ac8f7000 	C:\Windows\SYSTEM32\WINMM.dll
0x00007ff9b0fe0000 - 0x00007ff9b0ff2000 	C:\Windows\SYSTEM32\UMPDC.dll
0x00007ff9af130000 - 0x00007ff9af142000 	C:\Windows\SYSTEM32\kernel.appcore.dll
0x00007ff9a74a0000 - 0x00007ff9a74aa000 	C:\Program Files\Java\jdk-21\bin\jimage.dll
0x00007ff9aa960000 - 0x00007ff9aab44000 	C:\Windows\SYSTEM32\DBGHELP.DLL
0x00007ff99c830000 - 0x00007ff99c864000 	C:\Windows\SYSTEM32\dbgcore.DLL
0x00007ff9b19e0000 - 0x00007ff9b1a62000 	C:\Windows\System32\bcryptPrimitives.dll
0x00007ff99e240000 - 0x00007ff99e25f000 	C:\Program Files\Java\jdk-21\bin\java.dll
0x00007ff9b2e60000 - 0x00007ff9b35a4000 	C:\Windows\System32\SHELL32.dll
0x00007ff9af330000 - 0x00007ff9afacb000 	C:\Windows\SYSTEM32\windows.storage.dll
0x00007ff9b28b0000 - 0x00007ff9b2c04000 	C:\Windows\System32\combase.dll
0x00007ff9b0bc0000 - 0x00007ff9b0bed000 	C:\Windows\SYSTEM32\Wldp.dll
0x00007ff9b1cf0000 - 0x00007ff9b1d9d000 	C:\Windows\System32\SHCORE.dll
0x00007ff9b2e00000 - 0x00007ff9b2e55000 	C:\Windows\System32\shlwapi.dll
0x00007ff9b1180000 - 0x00007ff9b11a5000 	C:\Windows\SYSTEM32\profapi.dll
0x00007ff98a690000 - 0x00007ff98a767000 	C:\Program Files\Java\jdk-21\bin\jsvml.dll
0x00007ff9a2d60000 - 0x00007ff9a2d70000 	C:\Program Files\Java\jdk-21\bin\net.dll
0x00007ff9aa500000 - 0x00007ff9aa60a000 	C:\Windows\SYSTEM32\WINHTTP.dll
0x00007ff9b0920000 - 0x00007ff9b098a000 	C:\Windows\system32\mswsock.dll
0x00007ff99bf40000 - 0x00007ff99bf56000 	C:\Program Files\Java\jdk-21\bin\nio.dll
0x00007ff99bc90000 - 0x00007ff99bca8000 	C:\Program Files\Java\jdk-21\bin\zip.dll
0x00007ff9b0b10000 - 0x00007ff9b0b28000 	C:\Windows\SYSTEM32\CRYPTSP.dll
0x00007ff9b0250000 - 0x00007ff9b0284000 	C:\Windows\system32\rsaenh.dll
0x00007ff9b1ba0000 - 0x00007ff9b1bc7000 	C:\Windows\System32\bcrypt.dll
0x00007ff9b1100000 - 0x00007ff9b112e000 	C:\Windows\SYSTEM32\USERENV.dll
0x00007ff9b0b30000 - 0x00007ff9b0b3c000 	C:\Windows\SYSTEM32\CRYPTBASE.dll
0x00007ff9b0610000 - 0x00007ff9b064b000 	C:\Windows\SYSTEM32\IPHLPAPI.DLL
0x00007ff9b1bd0000 - 0x00007ff9b1bd8000 	C:\Windows\System32\NSI.dll
0x00007ff9aea90000 - 0x00007ff9aeb20000 	C:\Windows\system32\apphelp.dll
0x00000000637c0000 - 0x00000000637cd000 	C:\Users\rafin\AppData\Local\Temp\jogamp_0000\file_cache\jln7205585724052067577\jln14337067905380673868\natives\windows-amd64\gluegen-rt.dll
0x00007ff989a50000 - 0x00007ff989bdf000 	C:\Program Files\Java\jdk-21\bin\awt.dll
0x00007ff9b3a60000 - 0x00007ff9b3b2d000 	C:\Windows\System32\OLEAUT32.dll
0x00007ff9aec60000 - 0x00007ff9aecfe000 	C:\Windows\system32\uxtheme.dll
0x00007ff9b2170000 - 0x00007ff9b2284000 	C:\Windows\System32\MSCTF.dll
0x00007ff9b2710000 - 0x00007ff9b283b000 	C:\Windows\System32\ole32.dll
0x00007ff9a2aa0000 - 0x00007ff9a2aa7000 	C:\Program Files\Java\jdk-21\bin\jawt.dll
0x000000006a440000 - 0x000000006a44d000 	C:\Users\rafin\AppData\Local\Temp\jogamp_0000\file_cache\jln7205585724052067577\jln14337067905380673868\natives\windows-amd64\nativewindow_awt.dll
0x00007ff9aef50000 - 0x00007ff9aef7f000 	C:\Windows\system32\DWMAPI.DLL
0x00007ff962ac0000 - 0x00007ff962be5000 	C:\Windows\system32\opengl32.dll
0x00007ff962610000 - 0x00007ff96263c000 	C:\Windows\SYSTEM32\GLU32.dll
0x00007ff9643d0000 - 0x00007ff96459d000 	C:\Windows\system32\d3d9.dll
0x00007ff9a7f50000 - 0x00007ff9a810b000 	C:\Windows\System32\DriverStore\FileRepository\u0396203.inf_amd64_5e077edb2ed5b984\B396137\aticfx64.dll
0x00007ff95d950000 - 0x00007ff960957000 	C:\Windows\System32\DriverStore\FileRepository\u0396203.inf_amd64_5e077edb2ed5b984\B396137\amdxn64.dll
0x00007ff9b22a0000 - 0x00007ff9b270e000 	C:\Windows\System32\SETUPAPI.dll
0x00007ff9b1870000 - 0x00007ff9b18be000 	C:\Windows\System32\cfgmgr32.dll
0x00007ff9afb10000 - 0x00007ff9afc03000 	C:\Windows\SYSTEM32\dxgi.dll
0x00007ff9a9e00000 - 0x00007ff9a9e35000 	C:\Windows\SYSTEM32\amdihk64.dll
0x00007ff9aa870000 - 0x00007ff9aa8ab000 	C:\Windows\SYSTEM32\dxcore.dll
0x000000006c100000 - 0x000000006c10f000 	C:\Users\rafin\AppData\Local\Temp\jogamp_0000\file_cache\jln7205585724052067577\jln14337067905380673868\natives\windows-amd64\nativewindow_win32.dll
0x0000000064500000 - 0x00000000645b1000 	C:\Users\rafin\AppData\Local\Temp\jogamp_0000\file_cache\jln7205585724052067577\jln14337067905380673868\natives\windows-amd64\jogl_desktop.dll
0x0000000064340000 - 0x00000000643a2000 	C:\Users\rafin\AppData\Local\Temp\jogamp_0000\file_cache\jln7205585724052067577\jln14337067905380673868\natives\windows-amd64\jogl_mobile.dll
0x00007ff9b1c40000 - 0x00007ff9b1ce9000 	C:\Windows\System32\clbcatq.dll
0x00007ff9abad0000 - 0x00007ff9abbd2000 	C:\Windows\System32\AppXDeploymentClient.dll
0x00007ff99ef70000 - 0x00007ff99ef9e000 	C:\Windows\System32\DriverStore\FileRepository\u0396203.inf_amd64_5e077edb2ed5b984\B396137\atig6pxx.dll
0x00007ff938100000 - 0x00007ff93c5df000 	C:\Windows\System32\DriverStore\FileRepository\u0396203.inf_amd64_5e077edb2ed5b984\B396137\atio6axx.dll
0x00007ff9b0f70000 - 0x00007ff9b0fa3000 	C:\Windows\SYSTEM32\DEVOBJ.dll
0x00007ff9b1800000 - 0x00007ff9b1867000 	C:\Windows\System32\WINTRUST.dll
0x00007ff9b16a0000 - 0x00007ff9b17fd000 	C:\Windows\System32\CRYPT32.dll
0x00007ff9b0d50000 - 0x00007ff9b0d62000 	C:\Windows\SYSTEM32\MSASN1.dll
0x000000006cbc0000 - 0x000000006cbd3000 	C:\Users\rafin\AppData\Local\Temp\jogamp_0000\file_cache\jln7205585724052067577\jln14337067905380673868\natives\windows-amd64\newt.dll
0x00007ff9aa450000 - 0x00007ff9aa4fe000 	C:\Windows\SYSTEM32\mscms.dll
0x00007ff9aa220000 - 0x00007ff9aa231000 	C:\Windows\SYSTEM32\ColorAdapterClient.dll
0x00007ff997760000 - 0x00007ff9977a3000 	C:\Windows\SYSTEM32\icm32.dll
0x00007ff9a8270000 - 0x00007ff9a836a000 	C:\Windows\SYSTEM32\textinputframework.dll
0x00007ff9ae4e0000 - 0x00007ff9ae83b000 	C:\Windows\System32\CoreUIComponents.dll
0x00007ff9ae840000 - 0x00007ff9ae932000 	C:\Windows\System32\CoreMessaging.dll
0x00007ff9b0370000 - 0x00007ff9b03a3000 	C:\Windows\SYSTEM32\ntmarta.dll
0x00007ff9ade10000 - 0x00007ff9adf65000 	C:\Windows\SYSTEM32\wintypes.dll
0x00007ff98a600000 - 0x00007ff98a687000 	C:\Program Files\Java\jdk-21\bin\freetype.dll
0x00007ff98a230000 - 0x00007ff98a303000 	C:\Program Files\Java\jdk-21\bin\fontmanager.dll

dbghelp: loaded successfully - version: 4.0.5 - missing functions: none
symbol engine: initialized successfully - sym options: 0x614 - pdb path: .;C:\Program Files\Java\jdk-21\bin;C:\Windows\SYSTEM32;C:\Windows\WinSxS\amd64_microsoft.windows.common-controls_6595b64144ccf1df_6.0.19041.3636_none_60b6a03d71f818d5;C:\Program Files\Java\jdk-21\bin\server;C:\Users\rafin\AppData\Local\Temp\jogamp_0000\file_cache\jln7205585724052067577\jln14337067905380673868\natives\windows-amd64;C:\Windows\System32\DriverStore\FileRepository\u0396203.inf_amd64_5e077edb2ed5b984\B396137

VM Arguments:
jvm_args: -XX:+ShowCodeDetailsInExceptionMessages 
java_command: Cena.Renderer
java_class_path (initial): C:\Users\rafin\AppData\Roaming\Code\User\workspaceStorage\11acd71c90d25095ea045d30754963a7\redhat.java\jdt_ws\A3- GRAFICA_45f3818d\bin;c:\Users\rafin\Desktop\ComputacaoGraficaRealidadeVirtual-main\JOGL_Win64\gluegen-rt.jar;c:\Users\rafin\Desktop\ComputacaoGraficaRealidadeVirtual-main\JOGL_Win64\jogl-all-natives-windows-amd64.jar;c:\Users\rafin\Desktop\ComputacaoGraficaRealidadeVirtual-main\JOGL_Win64\jogl-all.jar;c:\Users\rafin\Desktop\ComputacaoGraficaRealidadeVirtual-main\JOGL_Win64\gluegen-rt-natives-windows-amd64.jar
Launcher Type: SUN_STANDARD

[Global flags]
     intx CICompilerCount                          = 4                                         {product} {ergonomic}
     uint ConcGCThreads                            = 2                                         {product} {ergonomic}
     uint G1ConcRefinementThreads                  = 8                                         {product} {ergonomic}
   size_t G1HeapRegionSize                         = 2097152                                   {product} {ergonomic}
    uintx GCDrainStackTargetSize                   = 64                                        {product} {ergonomic}
   size_t InitialHeapSize                          = 268435456                                 {product} {ergonomic}
   size_t MarkStackSize                            = 4194304                                   {product} {ergonomic}
   size_t MaxHeapSize                              = 4278190080                                {product} {ergonomic}
   size_t MaxNewSize                               = 2566914048                                {product} {ergonomic}
   size_t MinHeapDeltaBytes                        = 2097152                                   {product} {ergonomic}
   size_t MinHeapSize                              = 8388608                                   {product} {ergonomic}
    uintx NonNMethodCodeHeapSize                   = 5839372                                {pd product} {ergonomic}
    uintx NonProfiledCodeHeapSize                  = 122909434                              {pd product} {ergonomic}
    uintx ProfiledCodeHeapSize                     = 122909434                              {pd product} {ergonomic}
    uintx ReservedCodeCacheSize                    = 251658240                              {pd product} {ergonomic}
     bool SegmentedCodeCache                       = true                                      {product} {ergonomic}
     bool ShowCodeDetailsInExceptionMessages       = true                                   {manageable} {command line}
   size_t SoftMaxHeapSize                          = 4278190080                             {manageable} {ergonomic}
     bool UseCompressedOops                        = true                           {product lp64_product} {ergonomic}
     bool UseG1GC                                  = true                                      {product} {ergonomic}
     bool UseLargePagesIndividualAllocation        = false                                  {pd product} {ergonomic}

Logging:
Log output configuration:
 #0: stdout all=warning uptime,level,tags foldmultilines=false
 #1: stderr all=off uptime,level,tags foldmultilines=false

Environment Variables:
CLASSPATH=C:\JavaLib\antlr-4.13.1-complete.jar;.
PATH=C:\Program Files\Common Files\Oracle\Java\javapath;C:\Windows\system32;C:\Windows;C:\Windows\System32\Wbem;C:\Windows\System32\WindowsPowerShell\v1.0\;C:\Windows\System32\OpenSSH\;C:\Program Files\Microsoft SQL Server\150\Tools\Binn\;C:\Program Files\Microsoft SQL Server\Client SDK\ODBC\170\Tools\Binn\;C:\Program Files\dotnet\;C:\Users\rafin\AppData\Local\Microsoft\WindowsApps;C:\JavaLib\antlr-4.13.1-complete.jar;.;C:\Program Files\Java\jdk-21\bin;C:\JavaLib\bin;;D:\Program Files x86\IntelliJ IDEA 2023.2.5\bin;;C:\Users\rafin\.dotnet\tools;C:\Users\rafin\AppData\Local\Programs\Microsoft VS Code\bin
USERNAME=rafin
LANG=en_US.UTF-8
OS=Windows_NT
PROCESSOR_IDENTIFIER=AMD64 Family 23 Model 24 Stepping 1, AuthenticAMD
TMP=C:\Users\rafin\AppData\Local\Temp
TEMP=C:\Users\rafin\AppData\Local\Temp




Periodic native trim disabled

---------------  S Y S T E M  ---------------

OS:
 Windows 10 , 64 bit Build 19041 (10.0.19041.3636)
OS uptime: 2 days 13:19 hours

CPU: total 8 (initial active 8) (8 cores per cpu, 2 threads per core) family 23 model 24 stepping 1 microcode 0x0, cx8, cmov, fxsr, ht, mmx, 3dnowpref, sse, sse2, sse3, ssse3, sse4a, sse4.1, sse4.2, popcnt, lzcnt, tsc, tscinvbit, avx, avx2, aes, clmul, bmi1, bmi2, adx, sha, fma, vzeroupper, clflush, clflushopt, rdtscp, f16c
Processor Information for all 8 processors :
  Max Mhz: 3700, Current Mhz: 3700, Mhz Limit: 3700

Memory: 4k page, system-wide physical 16315M (1092M free)
TotalPageFile size 30541M (AvailPageFile size 88M)
current process WorkingSet (physical memory assigned to process): 402M, peak: 418M
current process commit charge ("private bytes"): 791M, peak: 791M

vm_info: Java HotSpot(TM) 64-Bit Server VM (21.0.1+12-LTS-29) for windows-amd64 JRE (21.0.1+12-LTS-29), built on 2023-10-05T13:27:09Z by "mach5one" with MS VC++ 17.1 (VS2022)

END.
